Analysis & Synthesis report for nesTop
Sat Mar 25 14:41:34 2017
Quartus Prime Version 16.1.0 Build 196 10/24/2016 SJ Lite Edition


---------------------
; Table of Contents ;
---------------------
  1. Legal Notice
  2. Analysis & Synthesis Summary
  3. Analysis & Synthesis Settings
  4. Parallel Compilation
  5. Analysis & Synthesis Messages



----------------
; Legal Notice ;
----------------
Copyright (C) 2016  Intel Corporation. All rights reserved.
Your use of Intel Corporation's design tools, logic functions 
and other software and tools, and its AMPP partner logic 
functions, and any output files from any of the foregoing 
(including device programming or simulation files), and any 
associated documentation or information are expressly subject 
to the terms and conditions of the Intel Program License 
Subscription Agreement, the Intel Quartus Prime License Agreement,
the Intel MegaCore Function License Agreement, or other 
applicable license agreement, including, without limitation, 
that your use is for the sole purpose of programming logic 
devices manufactured by Intel and sold by Intel or its 
authorized distributors.  Please refer to the applicable 
agreement for further details.



+----------------------------------------------------------------------------------+
; Analysis & Synthesis Summary                                                     ;
+------------------------------------+---------------------------------------------+
; Analysis & Synthesis Status        ; Failed - Sat Mar 25 14:41:34 2017           ;
; Quartus Prime Version              ; 16.1.0 Build 196 10/24/2016 SJ Lite Edition ;
; Revision Name                      ; nesTop                                      ;
; Top-level Entity Name              ; nesTop                                      ;
; Family                             ; Cyclone IV E                                ;
; Total logic elements               ; N/A until Partition Merge                   ;
;     Total combinational functions  ; N/A until Partition Merge                   ;
;     Dedicated logic registers      ; N/A until Partition Merge                   ;
; Total registers                    ; N/A until Partition Merge                   ;
; Total pins                         ; N/A until Partition Merge                   ;
; Total virtual pins                 ; N/A until Partition Merge                   ;
; Total memory bits                  ; N/A until Partition Merge                   ;
; Embedded Multiplier 9-bit elements ; N/A until Partition Merge                   ;
; Total PLLs                         ; N/A until Partition Merge                   ;
+------------------------------------+---------------------------------------------+


+----------------------------------------------------------------------------------------------------------------------+
; Analysis & Synthesis Settings                                                                                        ;
+----------------------------------------------------------------------------+--------------------+--------------------+
; Option                                                                     ; Setting            ; Default Value      ;
+----------------------------------------------------------------------------+--------------------+--------------------+
; Device                                                                     ; EP4CE22F17C6       ;                    ;
; Top-level entity name                                                      ; nesTop             ; nesTop             ;
; Family name                                                                ; Cyclone IV E       ; Cyclone V          ;
; Use smart compilation                                                      ; Off                ; Off                ;
; Enable parallel Assembler and TimeQuest Timing Analyzer during compilation ; On                 ; On                 ;
; Enable compact report table                                                ; Off                ; Off                ;
; Restructure Multiplexers                                                   ; Auto               ; Auto               ;
; Create Debugging Nodes for IP Cores                                        ; Off                ; Off                ;
; Preserve fewer node names                                                  ; On                 ; On                 ;
; OpenCore Plus hardware evaluation                                          ; Enable             ; Enable             ;
; Verilog Version                                                            ; Verilog_2001       ; Verilog_2001       ;
; VHDL Version                                                               ; VHDL_1993          ; VHDL_1993          ;
; State Machine Processing                                                   ; Auto               ; Auto               ;
; Safe State Machine                                                         ; Off                ; Off                ;
; Extract Verilog State Machines                                             ; On                 ; On                 ;
; Extract VHDL State Machines                                                ; On                 ; On                 ;
; Ignore Verilog initial constructs                                          ; Off                ; Off                ;
; Iteration limit for constant Verilog loops                                 ; 5000               ; 5000               ;
; Iteration limit for non-constant Verilog loops                             ; 250                ; 250                ;
; Add Pass-Through Logic to Inferred RAMs                                    ; On                 ; On                 ;
; Infer RAMs from Raw Logic                                                  ; On                 ; On                 ;
; Parallel Synthesis                                                         ; On                 ; On                 ;
; DSP Block Balancing                                                        ; Auto               ; Auto               ;
; NOT Gate Push-Back                                                         ; On                 ; On                 ;
; Power-Up Don't Care                                                        ; On                 ; On                 ;
; Remove Redundant Logic Cells                                               ; Off                ; Off                ;
; Remove Duplicate Registers                                                 ; On                 ; On                 ;
; Ignore CARRY Buffers                                                       ; Off                ; Off                ;
; Ignore CASCADE Buffers                                                     ; Off                ; Off                ;
; Ignore GLOBAL Buffers                                                      ; Off                ; Off                ;
; Ignore ROW GLOBAL Buffers                                                  ; Off                ; Off                ;
; Ignore LCELL Buffers                                                       ; Off                ; Off                ;
; Ignore SOFT Buffers                                                        ; On                 ; On                 ;
; Limit AHDL Integers to 32 Bits                                             ; Off                ; Off                ;
; Optimization Technique                                                     ; Balanced           ; Balanced           ;
; Carry Chain Length                                                         ; 70                 ; 70                 ;
; Auto Carry Chains                                                          ; On                 ; On                 ;
; Auto Open-Drain Pins                                                       ; On                 ; On                 ;
; Perform WYSIWYG Primitive Resynthesis                                      ; Off                ; Off                ;
; Auto ROM Replacement                                                       ; On                 ; On                 ;
; Auto RAM Replacement                                                       ; On                 ; On                 ;
; Auto DSP Block Replacement                                                 ; On                 ; On                 ;
; Auto Shift Register Replacement                                            ; Auto               ; Auto               ;
; Allow Shift Register Merging across Hierarchies                            ; Auto               ; Auto               ;
; Auto Clock Enable Replacement                                              ; On                 ; On                 ;
; Strict RAM Replacement                                                     ; Off                ; Off                ;
; Allow Synchronous Control Signals                                          ; On                 ; On                 ;
; Force Use of Synchronous Clear Signals                                     ; Off                ; Off                ;
; Auto RAM Block Balancing                                                   ; On                 ; On                 ;
; Auto RAM to Logic Cell Conversion                                          ; Off                ; Off                ;
; Auto Resource Sharing                                                      ; Off                ; Off                ;
; Allow Any RAM Size For Recognition                                         ; Off                ; Off                ;
; Allow Any ROM Size For Recognition                                         ; Off                ; Off                ;
; Allow Any Shift Register Size For Recognition                              ; Off                ; Off                ;
; Use LogicLock Constraints during Resource Balancing                        ; On                 ; On                 ;
; Ignore translate_off and synthesis_off directives                          ; Off                ; Off                ;
; Timing-Driven Synthesis                                                    ; On                 ; On                 ;
; Report Parameter Settings                                                  ; On                 ; On                 ;
; Report Source Assignments                                                  ; On                 ; On                 ;
; Report Connectivity Checks                                                 ; On                 ; On                 ;
; Ignore Maximum Fan-Out Assignments                                         ; Off                ; Off                ;
; Synchronization Register Chain Length                                      ; 2                  ; 2                  ;
; PowerPlay Power Optimization During Synthesis                              ; Normal compilation ; Normal compilation ;
; HDL message level                                                          ; Level2             ; Level2             ;
; Suppress Register Optimization Related Messages                            ; Off                ; Off                ;
; Number of Removed Registers Reported in Synthesis Report                   ; 5000               ; 5000               ;
; Number of Swept Nodes Reported in Synthesis Report                         ; 5000               ; 5000               ;
; Number of Inverted Registers Reported in Synthesis Report                  ; 100                ; 100                ;
; Clock MUX Protection                                                       ; On                 ; On                 ;
; Auto Gated Clock Conversion                                                ; Off                ; Off                ;
; Block Design Naming                                                        ; Auto               ; Auto               ;
; SDC constraint protection                                                  ; Off                ; Off                ;
; Synthesis Effort                                                           ; Auto               ; Auto               ;
; Shift Register Replacement - Allow Asynchronous Clear Signal               ; On                 ; On                 ;
; Pre-Mapping Resynthesis Optimization                                       ; Off                ; Off                ;
; Analysis & Synthesis Message Level                                         ; Medium             ; Medium             ;
; Disable Register Merging Across Hierarchies                                ; Auto               ; Auto               ;
; Resource Aware Inference For Block RAM                                     ; On                 ; On                 ;
+----------------------------------------------------------------------------+--------------------+--------------------+


+------------------------------------------+
; Parallel Compilation                     ;
+----------------------------+-------------+
; Processors                 ; Number      ;
+----------------------------+-------------+
; Number detected on machine ; 8           ;
; Maximum allowed            ; 4           ;
;                            ;             ;
; Average used               ; 1.00        ;
; Maximum used               ; 1           ;
;                            ;             ;
; Usage by Processor         ; % Time Used ;
;     Processor 1            ; 100.0%      ;
+----------------------------+-------------+


+-------------------------------+
; Analysis & Synthesis Messages ;
+-------------------------------+
Info: *******************************************************************
Info: Running Quartus Prime Analysis & Synthesis
    Info: Version 16.1.0 Build 196 10/24/2016 SJ Lite Edition
    Info: Processing started: Sat Mar 25 14:41:21 2017
Info: Command: quartus_map --read_settings_files=on --write_settings_files=off nessoc -c nesTop
Warning (18236): Number of processors has not been specified which may cause overloading on shared machines.  Set the global assignment NUM_PARALLEL_PROCESSORS in your QSF to an appropriate value for best performance.
Info (20030): Parallel compilation is enabled and will use 4 of the 4 processors detected
Info (12021): Found 1 design units, including 1 entities, in source file verilog/vga_out.sv
    Info (12023): Found entity 1: vga_out File: C:/Users/Cameron/Downloads/_ELEX7660/pjgit/NESSOC/verilog/vga_out.sv Line: 5
Info (12021): Found 2 design units, including 2 entities, in source file verilog/vga_fb.sv
    Info (12023): Found entity 1: vga_fb File: C:/Users/Cameron/Downloads/_ELEX7660/pjgit/NESSOC/verilog/vga_fb.sv Line: 36
    Info (12023): Found entity 2: decode_channels File: C:/Users/Cameron/Downloads/_ELEX7660/pjgit/NESSOC/verilog/vga_fb.sv Line: 72
Info (12021): Found 1 design units, including 1 entities, in source file verilog/roms.sv
    Info (12023): Found entity 1: prg_rom File: C:/Users/Cameron/Downloads/_ELEX7660/pjgit/NESSOC/verilog/roms.sv Line: 23
Error (10054): Verilog HDL File I/O error at ppu.sv(7): can't open Verilog Design File "nessoc.svh" File: C:/Users/Cameron/Downloads/_ELEX7660/pjgit/NESSOC/verilog/ppu.sv Line: 7
Error (10112): Ignored design unit "ppu_top" at ppu.sv(11) due to previous errors File: C:/Users/Cameron/Downloads/_ELEX7660/pjgit/NESSOC/verilog/ppu.sv Line: 11
Error (10108): Verilog HDL Compiler Directive error at ppu.sv(65): missing Compiler Directive File: C:/Users/Cameron/Downloads/_ELEX7660/pjgit/NESSOC/verilog/ppu.sv Line: 65
Error (10170): Verilog HDL syntax error at ppu.sv(65) near text: "integer";  expecting an identifier ("integer" is a reserved keyword ). Check for and fix any syntax errors that appear immediately before or at the specified keyword. The Intel FPGA Knowledge Database contains many articles with specific details on how to resolve this error. Visit the Knowledge Database at https://www.altera.com/support/support-resources/knowledge-base/search.html and search for this specific error message number. File: C:/Users/Cameron/Downloads/_ELEX7660/pjgit/NESSOC/verilog/ppu.sv Line: 65
Error (10170): Verilog HDL syntax error at ppu.sv(72) near text: ";";  expecting ")". Check for and fix any syntax errors that appear immediately before or at the specified keyword. The Intel FPGA Knowledge Database contains many articles with specific details on how to resolve this error. Visit the Knowledge Database at https://www.altera.com/support/support-resources/knowledge-base/search.html and search for this specific error message number. File: C:/Users/Cameron/Downloads/_ELEX7660/pjgit/NESSOC/verilog/ppu.sv Line: 72
Error (10170): Verilog HDL syntax error at ppu.sv(75) near text: ")";  expecting an operand. Check for and fix any syntax errors that appear immediately before or at the specified keyword. The Intel FPGA Knowledge Database contains many articles with specific details on how to resolve this error. Visit the Knowledge Database at https://www.altera.com/support/support-resources/knowledge-base/search.html and search for this specific error message number. File: C:/Users/Cameron/Downloads/_ELEX7660/pjgit/NESSOC/verilog/ppu.sv Line: 75
Error (10112): Ignored design unit "ppu_core" at ppu.sv(15) due to previous errors File: C:/Users/Cameron/Downloads/_ELEX7660/pjgit/NESSOC/verilog/ppu.sv Line: 15
Error (10112): Ignored design unit "ppu_name_tables" at ppu.sv(80) due to previous errors File: C:/Users/Cameron/Downloads/_ELEX7660/pjgit/NESSOC/verilog/ppu.sv Line: 80
Error (10112): Ignored design unit "pattern_tables" at ppu.sv(83) due to previous errors File: C:/Users/Cameron/Downloads/_ELEX7660/pjgit/NESSOC/verilog/ppu.sv Line: 83
Error (10112): Ignored design unit "palletes" at ppu.sv(86) due to previous errors File: C:/Users/Cameron/Downloads/_ELEX7660/pjgit/NESSOC/verilog/ppu.sv Line: 86
Error (10112): Ignored design unit "spr_ram" at ppu.sv(107) due to previous errors File: C:/Users/Cameron/Downloads/_ELEX7660/pjgit/NESSOC/verilog/ppu.sv Line: 107
Error (10170): Verilog HDL syntax error at ppu.sv(122) near text: ")";  expecting a direction. Check for and fix any syntax errors that appear immediately before or at the specified keyword. The Intel FPGA Knowledge Database contains many articles with specific details on how to resolve this error. Visit the Knowledge Database at https://www.altera.com/support/support-resources/knowledge-base/search.html and search for this specific error message number. File: C:/Users/Cameron/Downloads/_ELEX7660/pjgit/NESSOC/verilog/ppu.sv Line: 122
Error (10112): Ignored design unit "ppa_dma" at ppu.sv(115) due to previous errors File: C:/Users/Cameron/Downloads/_ELEX7660/pjgit/NESSOC/verilog/ppu.sv Line: 115
Info (12021): Found 0 design units, including 0 entities, in source file verilog/ppu.sv
Info (12021): Found 1 design units, including 1 entities, in source file verilog/nestop.sv
    Info (12023): Found entity 1: NESOC File: C:/Users/Cameron/Downloads/_ELEX7660/pjgit/NESSOC/verilog/nesTop.sv Line: 11
Error (10170): Verilog HDL syntax error at joypad.sv(9) near text: "(";  expecting an identifier. Check for and fix any syntax errors that appear immediately before or at the specified keyword. The Intel FPGA Knowledge Database contains many articles with specific details on how to resolve this error. Visit the Knowledge Database at https://www.altera.com/support/support-resources/knowledge-base/search.html and search for this specific error message number. File: C:/Users/Cameron/Downloads/_ELEX7660/pjgit/NESSOC/verilog/joypad.sv Line: 9
Info (12021): Found 0 design units, including 0 entities, in source file verilog/joypad.sv
Error (10170): Verilog HDL syntax error at CPUMMC.sv(45) near text: ")";  expecting "endmodule". Check for and fix any syntax errors that appear immediately before or at the specified keyword. The Intel FPGA Knowledge Database contains many articles with specific details on how to resolve this error. Visit the Knowledge Database at https://www.altera.com/support/support-resources/knowledge-base/search.html and search for this specific error message number. File: C:/Users/Cameron/Downloads/_ELEX7660/pjgit/NESSOC/verilog/CPUMMC.sv Line: 45
Error (10112): Ignored design unit "cpu_ppu_dma_mmc" at CPUMMC.sv(41) due to previous errors File: C:/Users/Cameron/Downloads/_ELEX7660/pjgit/NESSOC/verilog/CPUMMC.sv Line: 41
Info (12021): Found 0 design units, including 0 entities, in source file verilog/cpummc.sv
Info (12021): Found 1 design units, including 1 entities, in source file verilog/cpu.v
    Info (12023): Found entity 1: cpu File: C:/Users/Cameron/Downloads/_ELEX7660/pjgit/NESSOC/verilog/cpu.v Line: 21
Info (12021): Found 0 design units, including 0 entities, in source file verilog/clocks.sv
Error (10134): Verilog HDL Module Declaration error at apu.sv(15): port "P2FT" is declared more than once File: C:/Users/Cameron/Downloads/_ELEX7660/pjgit/NESSOC/verilog/apu.sv Line: 15
Error (10170): Verilog HDL syntax error at apu.sv(17) near text: ")";  expecting a direction. Check for and fix any syntax errors that appear immediately before or at the specified keyword. The Intel FPGA Knowledge Database contains many articles with specific details on how to resolve this error. Visit the Knowledge Database at https://www.altera.com/support/support-resources/knowledge-base/search.html and search for this specific error message number. File: C:/Users/Cameron/Downloads/_ELEX7660/pjgit/NESSOC/verilog/apu.sv Line: 17
Error (10112): Ignored design unit "apu" at apu.sv(7) due to previous errors File: C:/Users/Cameron/Downloads/_ELEX7660/pjgit/NESSOC/verilog/apu.sv Line: 7
Info (12021): Found 0 design units, including 0 entities, in source file verilog/apu.sv
Info (12021): Found 1 design units, including 1 entities, in source file verilog/alu.v
    Info (12023): Found entity 1: ALU File: C:/Users/Cameron/Downloads/_ELEX7660/pjgit/NESSOC/verilog/ALU.v Line: 20
Error: Quartus Prime Analysis & Synthesis was unsuccessful. 19 errors, 1 warning
    Error: Peak virtual memory: 594 megabytes
    Error: Processing ended: Sat Mar 25 14:41:34 2017
    Error: Elapsed time: 00:00:13
    Error: Total CPU time (on all processors): 00:00:28


